#
# There is insufficient memory for the Java Runtime Environment to continue.
# Native memory allocation (mmap) failed to map 132120576 bytes for G1 virtual space
# Possible reasons:
#   The system is out of physical RAM or swap space
#   The process is running with CompressedOops enabled, and the Java Heap may be blocking the growth of the native heap
# Possible solutions:
#   Reduce memory load on the system
#   Increase physical memory or swap space
#   Check if swap backing store is full
#   Decrease Java heap size (-Xmx/-Xms)
#   Decrease number of Java threads
#   Decrease Java thread stack sizes (-Xss)
#   Set larger code cache with -XX:ReservedCodeCacheSize=
#   JVM is running with Unscaled Compressed Oops mode in which the Java heap is
#     placed in the first 4GB address space. The Java Heap base address is the
#     maximum limit for the native heap growth. Please use -XX:HeapBaseMinAddress
#     to set the Java Heap base and to place the Java Heap above 4GB virtual address.
# This output file may be truncated or incomplete.
#
#  Out of Memory Error (os_windows.cpp:3532), pid=25056, tid=30432
#
# JRE version:  (17.0.2+8) (build )
# Java VM: OpenJDK 64-Bit Server VM (17.0.2+8, mixed mode, sharing, tiered, compressed oops, compressed class ptrs, g1 gc, windows-amd64)
# No core dump will be written. Minidumps are not enabled by default on client versions of Windows
#

---------------  S U M M A R Y ------------

Command Line: C:\Users\Y9G4CD706\AppData\Local\Temp\surefire13732045893476476141\surefirebooter16716923349777196949.jar C:\Users\Y9G4CD706\AppData\Local\Temp\surefire13732045893476476141 2022-05-04T13-04-13_232-jvmRun1 surefire17831873061593254059tmp surefire_01206131093399063125tmp

Host: Intel(R) Core(TM) i5-8350U CPU @ 1.70GHz, 8 cores, 7G,  Windows 10 , 64 bit Build 19041 (10.0.19041.1645)
Time: Wed May  4 13:04:14 2022 Romance Daylight Time elapsed time: 0.028634 seconds (0d 0h 0m 0s)

---------------  T H R E A D  ---------------

Current thread (0x000001cae9d2b760):  JavaThread "Unknown thread" [_thread_in_vm, id=30432, stack(0x000000b0ba800000,0x000000b0ba900000)]

Stack: [0x000000b0ba800000,0x000000b0ba900000]
Native frames: (J=compiled Java code, j=interpreted, Vv=VM code, C=native code)
V  [jvm.dll+0x67564a]
V  [jvm.dll+0x82fc04]
V  [jvm.dll+0x8313ae]
V  [jvm.dll+0x831a13]
V  [jvm.dll+0x245235]
V  [jvm.dll+0x672539]
V  [jvm.dll+0x666e82]
V  [jvm.dll+0x30401b]
V  [jvm.dll+0x30b566]
V  [jvm.dll+0x35b1fe]
V  [jvm.dll+0x35b42f]
V  [jvm.dll+0x2daf58]
V  [jvm.dll+0x2dbec4]
V  [jvm.dll+0x801881]
V  [jvm.dll+0x368f81]
V  [jvm.dll+0x7e0cdc]
V  [jvm.dll+0x3eb8bf]
V  [jvm.dll+0x3ed441]
C  [jli.dll+0x5277]
C  [ucrtbase.dll+0x21bb2]
C  [KERNEL32.DLL+0x17034]
C  [ntdll.dll+0x52651]


---------------  P R O C E S S  ---------------

Threads class SMR info:
_java_thread_list=0x00007ff955ee5e98, length=0, elements={
}

Java Threads: ( => current thread )

Other Threads:
  0x000001cae9d6c620 GCTaskThread "GC Thread#0" [stack: 0x000000b0ba900000,0x000000b0baa00000] [id=13940]
  0x000001cae9d7d060 ConcurrentGCThread "G1 Main Marker" [stack: 0x000000b0baa00000,0x000000b0bab00000] [id=22948]
  0x000001cae9d7e210 ConcurrentGCThread "G1 Conc#0" [stack: 0x000000b0bab00000,0x000000b0bac00000] [id=30604]

[error occurred during error reporting (printing all threads), id 0xc0000005, EXCEPTION_ACCESS_VIOLATION (0xc0000005) at pc=0x00007ff9556bb9d7]

VM state: not at safepoint (not fully initialized)

VM Mutex/Monitor currently owned by a thread:  ([mutex/lock_event])
[0x000001cae9d27a00] Heap_lock - owner thread: 0x000001cae9d2b760

Heap address: 0x0000000082800000, size: 2008 MB, Compressed Oops mode: 32-bit

CDS archive(s) mapped at: [0x0000000000000000-0x0000000000000000-0x0000000000000000), size 0, SharedBaseAddress: 0x0000000800000000, ArchiveRelocationMode: 0.
Narrow klass base: 0x0000000000000000, Narrow klass shift: 0, Narrow klass range: 0x0

GC Precious Log:
<Empty>

Heap:
 garbage-first heap   total 0K, used 0K [0x0000000082800000, 0x0000000100000000)
  region size 1024K, 0 young (0K), 0 survivors (0K)

[error occurred during error reporting (printing heap information), id 0xc0000005, EXCEPTION_ACCESS_VIOLATION (0xc0000005) at pc=0x00007ff955a9e899]

GC Heap History (0 events):
No events

Deoptimization events (0 events):
No events

Classes unloaded (0 events):
No events

Classes redefined (0 events):
No events

Internal exceptions (0 events):
No events

VM Operations (0 events):
No events

Events (1 events):
Event: 0.016 Loaded shared library C:\Users\Y9G4CD706\.p2\pool\plugins\org.eclipse.justj.openjdk.hotspot.jre.full.win32.x86_64_17.0.2.v20220201-1208\jre\bin\java.dll


Dynamic libraries:
0x00007ff729fb0000 - 0x00007ff729fbe000 	C:\Users\Y9G4CD706\.p2\pool\plugins\org.eclipse.justj.openjdk.hotspot.jre.full.win32.x86_64_17.0.2.v20220201-1208\jre\bin\java.exe
0x00007ff9e9a30000 - 0x00007ff9e9c25000 	C:\windows\SYSTEM32\ntdll.dll
0x00007ff9e7e50000 - 0x00007ff9e7f0e000 	C:\windows\System32\KERNEL32.DLL
0x00007ff9e74c0000 - 0x00007ff9e7788000 	C:\windows\System32\KERNELBASE.dll
0x00007ff9e7790000 - 0x00007ff9e7890000 	C:\windows\System32\ucrtbase.dll
0x00007ff9c5d10000 - 0x00007ff9c5d28000 	C:\Users\Y9G4CD706\.p2\pool\plugins\org.eclipse.justj.openjdk.hotspot.jre.full.win32.x86_64_17.0.2.v20220201-1208\jre\bin\jli.dll
0x00007ff9dd9e0000 - 0x00007ff9dd9f9000 	C:\Users\Y9G4CD706\.p2\pool\plugins\org.eclipse.justj.openjdk.hotspot.jre.full.win32.x86_64_17.0.2.v20220201-1208\jre\bin\VCRUNTIME140.dll
0x00007ff9e82d0000 - 0x00007ff9e8470000 	C:\windows\System32\USER32.dll
0x00007ff9d1810000 - 0x00007ff9d1aaa000 	C:\windows\WinSxS\amd64_microsoft.windows.common-controls_6595b64144ccf1df_6.0.19041.1110_none_60b5254171f9507e\COMCTL32.dll
0x00007ff9e94b0000 - 0x00007ff9e954e000 	C:\windows\System32\msvcrt.dll
0x00007ff9e9350000 - 0x00007ff9e937a000 	C:\windows\System32\GDI32.dll
0x00007ff9e7890000 - 0x00007ff9e78b2000 	C:\windows\System32\win32u.dll
0x00007ff9e78c0000 - 0x00007ff9e79cb000 	C:\windows\System32\gdi32full.dll
0x00007ff9e71e0000 - 0x00007ff9e727d000 	C:\windows\System32\msvcp_win.dll
0x00007ff9e8940000 - 0x00007ff9e8970000 	C:\windows\System32\IMM32.DLL
0x00007ff9e46b0000 - 0x00007ff9e46bc000 	C:\Users\Y9G4CD706\.p2\pool\plugins\org.eclipse.justj.openjdk.hotspot.jre.full.win32.x86_64_17.0.2.v20220201-1208\jre\bin\vcruntime140_1.dll
0x00007ff9b3c50000 - 0x00007ff9b3ce1000 	C:\Users\Y9G4CD706\.p2\pool\plugins\org.eclipse.justj.openjdk.hotspot.jre.full.win32.x86_64_17.0.2.v20220201-1208\jre\bin\msvcp140.dll
0x00007ff9553d0000 - 0x00007ff956017000 	C:\Users\Y9G4CD706\.p2\pool\plugins\org.eclipse.justj.openjdk.hotspot.jre.full.win32.x86_64_17.0.2.v20220201-1208\jre\bin\server\jvm.dll
0x00007ff9e9400000 - 0x00007ff9e94ae000 	C:\windows\System32\ADVAPI32.dll
0x00007ff9e9850000 - 0x00007ff9e98ec000 	C:\windows\System32\sechost.dll
0x00007ff9e8050000 - 0x00007ff9e8175000 	C:\windows\System32\RPCRT4.dll
0x00007ff9e07d0000 - 0x00007ff9e07da000 	C:\windows\SYSTEM32\VERSION.dll
0x00007ff9d6690000 - 0x00007ff9d6699000 	C:\windows\SYSTEM32\WSOCK32.dll
0x00007ff9e9980000 - 0x00007ff9e99eb000 	C:\windows\System32\WS2_32.dll
0x00007ff9cac90000 - 0x00007ff9cacb7000 	C:\windows\SYSTEM32\WINMM.dll
0x00007ff9e97d0000 - 0x00007ff9e97d8000 	C:\windows\System32\PSAPI.DLL
0x00007ff9e58e0000 - 0x00007ff9e58f2000 	C:\windows\SYSTEM32\kernel.appcore.dll
0x00007ff9e4150000 - 0x00007ff9e415a000 	C:\Users\Y9G4CD706\.p2\pool\plugins\org.eclipse.justj.openjdk.hotspot.jre.full.win32.x86_64_17.0.2.v20220201-1208\jre\bin\jimage.dll
0x00007ff9e4e20000 - 0x00007ff9e5004000 	C:\windows\SYSTEM32\DBGHELP.DLL
0x00007ff9d0ee0000 - 0x00007ff9d0f0c000 	C:\windows\SYSTEM32\dbgcore.DLL
0x00007ff9e7150000 - 0x00007ff9e71d2000 	C:\windows\System32\bcryptPrimitives.dll
0x00007ff9bd900000 - 0x00007ff9bd925000 	C:\Users\Y9G4CD706\.p2\pool\plugins\org.eclipse.justj.openjdk.hotspot.jre.full.win32.x86_64_17.0.2.v20220201-1208\jre\bin\java.dll

dbghelp: loaded successfully - version: 4.0.5 - missing functions: none
symbol engine: initialized successfully - sym options: 0x614 - pdb path: .;C:\Users\Y9G4CD706\.p2\pool\plugins\org.eclipse.justj.openjdk.hotspot.jre.full.win32.x86_64_17.0.2.v20220201-1208\jre\bin;C:\windows\SYSTEM32;C:\windows\WinSxS\amd64_microsoft.windows.common-controls_6595b64144ccf1df_6.0.19041.1110_none_60b5254171f9507e;C:\Users\Y9G4CD706\.p2\pool\plugins\org.eclipse.justj.openjdk.hotspot.jre.full.win32.x86_64_17.0.2.v20220201-1208\jre\bin\server

VM Arguments:
java_command: C:\Users\Y9G4CD706\AppData\Local\Temp\surefire13732045893476476141\surefirebooter16716923349777196949.jar C:\Users\Y9G4CD706\AppData\Local\Temp\surefire13732045893476476141 2022-05-04T13-04-13_232-jvmRun1 surefire17831873061593254059tmp surefire_01206131093399063125tmp
java_class_path (initial): C:\Users\Y9G4CD706\AppData\Local\Temp\surefire13732045893476476141\surefirebooter16716923349777196949.jar
Launcher Type: SUN_STANDARD

[Global flags]
     intx CICompilerCount                          = 4                                         {product} {ergonomic}
     uint ConcGCThreads                            = 2                                         {product} {ergonomic}
     uint G1ConcRefinementThreads                  = 8                                         {product} {ergonomic}
   size_t G1HeapRegionSize                         = 1048576                                   {product} {ergonomic}
    uintx GCDrainStackTargetSize                   = 64                                        {product} {ergonomic}
   size_t InitialHeapSize                          = 132120576                                 {product} {ergonomic}
   size_t MarkStackSize                            = 4194304                                   {product} {ergonomic}
   size_t MaxHeapSize                              = 2105540608                                {product} {ergonomic}
   size_t MinHeapDeltaBytes                        = 1048576                                   {product} {ergonomic}
   size_t MinHeapSize                              = 8388608                                   {product} {ergonomic}
    uintx NonNMethodCodeHeapSize                   = 5839372                                {pd product} {ergonomic}
    uintx NonProfiledCodeHeapSize                  = 122909434                              {pd product} {ergonomic}
    uintx ProfiledCodeHeapSize                     = 122909434                              {pd product} {ergonomic}
    uintx ReservedCodeCacheSize                    = 251658240                              {pd product} {ergonomic}
     bool SegmentedCodeCache                       = true                                      {product} {ergonomic}
   size_t SoftMaxHeapSize                          = 2105540608                             {manageable} {ergonomic}
     bool UseCompressedClassPointers               = true                           {product lp64_product} {ergonomic}
     bool UseCompressedOops                        = true                           {product lp64_product} {ergonomic}
     bool UseG1GC                                  = true                                      {product} {ergonomic}
     bool UseLargePagesIndividualAllocation        = false                                  {pd product} {ergonomic}

Logging:
Log output configuration:
 #0: stdout all=warning uptime,level,tags
 #1: stderr all=off uptime,level,tags

Environment Variables:
PATH=C:/Users/Y9G4CD706/.p2/pool/plugins/org.eclipse.justj.openjdk.hotspot.jre.full.win32.x86_64_17.0.2.v20220201-1208/jre/bin/server;C:/Users/Y9G4CD706/.p2/pool/plugins/org.eclipse.justj.openjdk.hotspot.jre.full.win32.x86_64_17.0.2.v20220201-1208/jre/bin;C:\Program Files\Java\jdk-17.0.2\bin;C:\windows\system32;C:\windows;C:\Program Files (x86)\Git\cmd;C:\ProgramData\chocolatey\choco.exe;C:\ProgramData\chocolatey\bin;C:\Program Files\IBM\Cloud\bin;C:\Abdelrazak\apache-maven-3.8.5\apache-maven\src\bin;C:\Users\Y9G4CD706\AppData\Local\Programs\Microsoft VS Code\bin;C:\Program Files\IBM\Cloud\bin;C:\windows\System32;
USERNAME=Y9G4CD706
OS=Windows_NT
PROCESSOR_IDENTIFIER=Intel64 Family 6 Model 142 Stepping 10, GenuineIntel



---------------  S Y S T E M  ---------------

OS:
 Windows 10 , 64 bit Build 19041 (10.0.19041.1645)
OS uptime: 7 days 3:58 hours
Hyper-V role detected

CPU: total 8 (initial active 8) (4 cores per cpu, 2 threads per core) family 6 model 142 stepping 10 microcode 0xca, cx8, cmov, fxsr, ht, mmx, 3dnowpref, sse, sse2, sse3, ssse3, sse4.1, sse4.2, popcnt, lzcnt, tsc, tscinvbit, avx, avx2, aes, erms, clmul, bmi1, bmi2, rtm, adx, fma, vzeroupper, clflush, clflushopt, hv

Memory: 4k page, system-wide physical 8030M (37M free)
TotalPageFile size 32606M (AvailPageFile size 13M)
current process WorkingSet (physical memory assigned to process): 10M, peak: 10M
current process commit charge ("private bytes"): 60M, peak: 185M

vm_info: OpenJDK 64-Bit Server VM (17.0.2+8) for windows-amd64 JRE (17.0.2+8), built on Jan 20 2022 04:52:34 by "" with MS VC++ 16.7 (VS2019)

END.
