#
# There is insufficient memory for the Java Runtime Environment to continue.
# Native memory allocation (mmap) failed to map 132120576 bytes for G1 virtual space
# Possible reasons:
#   The system is out of physical RAM or swap space
#   The process is running with CompressedOops enabled, and the Java Heap may be blocking the growth of the native heap
# Possible solutions:
#   Reduce memory load on the system
#   Increase physical memory or swap space
#   Check if swap backing store is full
#   Decrease Java heap size (-Xmx/-Xms)
#   Decrease number of Java threads
#   Decrease Java thread stack sizes (-Xss)
#   Set larger code cache with -XX:ReservedCodeCacheSize=
#   JVM is running with Unscaled Compressed Oops mode in which the Java heap is
#     placed in the first 4GB address space. The Java Heap base address is the
#     maximum limit for the native heap growth. Please use -XX:HeapBaseMinAddress
#     to set the Java Heap base and to place the Java Heap above 4GB virtual address.
# This output file may be truncated or incomplete.
#
#  Out of Memory Error (os_windows.cpp:3532), pid=10228, tid=25852
#
# JRE version:  (17.0.2+8) (build )
# Java VM: OpenJDK 64-Bit Server VM (17.0.2+8, mixed mode, sharing, tiered, compressed oops, compressed class ptrs, g1 gc, windows-amd64)
# No core dump will be written. Minidumps are not enabled by default on client versions of Windows
#

---------------  S U M M A R Y ------------

Command Line: -Dmaven.home=EMBEDDED -Dclassworlds.conf=C:\Abdelrazak\Eclipse\.metadata\.plugins\org.eclipse.m2e.launching\launches\m2conf7773825458401189715.tmp -Dmaven.multiModuleProjectDirectory=C:\Abdelrazak\Eclipse\Hermes -Dfile.encoding=Cp1252 -XX:+ShowCodeDetailsInExceptionMessages org.codehaus.plexus.classworlds.launcher.Launcher -B test

Host: Intel(R) Core(TM) i5-8350U CPU @ 1.70GHz, 8 cores, 7G,  Windows 10 , 64 bit Build 19041 (10.0.19041.1645)
Time: Mon May  9 14:44:51 2022 Romance Daylight Time elapsed time: 0.043177 seconds (0d 0h 0m 0s)

---------------  T H R E A D  ---------------

Current thread (0x0000020cb2d3c8b0):  JavaThread "Unknown thread" [_thread_in_vm, id=25852, stack(0x000000e444200000,0x000000e444300000)]

Stack: [0x000000e444200000,0x000000e444300000]
Native frames: (J=compiled Java code, j=interpreted, Vv=VM code, C=native code)
V  [jvm.dll+0x67564a]
V  [jvm.dll+0x82fc04]
V  [jvm.dll+0x8313ae]
V  [jvm.dll+0x831a13]
V  [jvm.dll+0x245235]
V  [jvm.dll+0x672539]
V  [jvm.dll+0x666e82]
V  [jvm.dll+0x30401b]
V  [jvm.dll+0x30b566]
V  [jvm.dll+0x35b1fe]
V  [jvm.dll+0x35b42f]
V  [jvm.dll+0x2daf58]
V  [jvm.dll+0x2dbec4]
V  [jvm.dll+0x801881]
V  [jvm.dll+0x368f81]
V  [jvm.dll+0x7e0cdc]
V  [jvm.dll+0x3eb8bf]
V  [jvm.dll+0x3ed441]
C  [jli.dll+0x5277]
C  [ucrtbase.dll+0x21bb2]
C  [KERNEL32.DLL+0x17034]
C  [ntdll.dll+0x52651]


---------------  P R O C E S S  ---------------

Threads class SMR info:
_java_thread_list=0x00007ff8734e5e98, length=0, elements={
}

Java Threads: ( => current thread )

Other Threads:
  0x0000020cb2d7c960 GCTaskThread "GC Thread#0" [stack: 0x000000e444300000,0x000000e444400000] [id=30204]
  0x0000020cb2d8db40 ConcurrentGCThread "G1 Main Marker" [stack: 0x000000e444400000,0x000000e444500000] [id=36748]
  0x0000020cb2d8e550 ConcurrentGCThread "G1 Conc#0" [stack: 0x000000e444500000,0x000000e444600000] [id=37600]

[error occurred during error reporting (printing all threads), id 0xc0000005, EXCEPTION_ACCESS_VIOLATION (0xc0000005) at pc=0x00007ff872cbb9d7]

VM state: not at safepoint (not fully initialized)

VM Mutex/Monitor currently owned by a thread:  ([mutex/lock_event])
[0x0000020cb2d38450] Heap_lock - owner thread: 0x0000020cb2d3c8b0

Heap address: 0x0000000082800000, size: 2008 MB, Compressed Oops mode: 32-bit

CDS archive(s) mapped at: [0x0000000000000000-0x0000000000000000-0x0000000000000000), size 0, SharedBaseAddress: 0x0000000800000000, ArchiveRelocationMode: 0.
Narrow klass base: 0x0000000000000000, Narrow klass shift: 0, Narrow klass range: 0x0

GC Precious Log:
<Empty>

Heap:
 garbage-first heap   total 0K, used 0K [0x0000000082800000, 0x0000000100000000)
  region size 1024K, 0 young (0K), 0 survivors (0K)

[error occurred during error reporting (printing heap information), id 0xc0000005, EXCEPTION_ACCESS_VIOLATION (0xc0000005) at pc=0x00007ff87309e899]

GC Heap History (0 events):
No events

Deoptimization events (0 events):
No events

Classes unloaded (0 events):
No events

Classes redefined (0 events):
No events

Internal exceptions (0 events):
No events

VM Operations (0 events):
No events

Events (1 events):
Event: 0.023 Loaded shared library C:\Users\Y9G4CD706\.p2\pool\plugins\org.eclipse.justj.openjdk.hotspot.jre.full.win32.x86_64_17.0.2.v20220201-1208\jre\bin\java.dll


Dynamic libraries:
0x00007ff7c1930000 - 0x00007ff7c193e000 	C:\Users\Y9G4CD706\.p2\pool\plugins\org.eclipse.justj.openjdk.hotspot.jre.full.win32.x86_64_17.0.2.v20220201-1208\jre\bin\javaw.exe
0x00007ff8cf8d0000 - 0x00007ff8cfac5000 	C:\windows\SYSTEM32\ntdll.dll
0x00007ff8ced60000 - 0x00007ff8cee1e000 	C:\windows\System32\KERNEL32.DLL
0x00007ff8ccff0000 - 0x00007ff8cd2b8000 	C:\windows\System32\KERNELBASE.dll
0x00007ff8cd2c0000 - 0x00007ff8cd3c0000 	C:\windows\System32\ucrtbase.dll
0x00007ff8c3460000 - 0x00007ff8c3479000 	C:\Users\Y9G4CD706\.p2\pool\plugins\org.eclipse.justj.openjdk.hotspot.jre.full.win32.x86_64_17.0.2.v20220201-1208\jre\bin\VCRUNTIME140.dll
0x00007ff8c3590000 - 0x00007ff8c35a8000 	C:\Users\Y9G4CD706\.p2\pool\plugins\org.eclipse.justj.openjdk.hotspot.jre.full.win32.x86_64_17.0.2.v20220201-1208\jre\bin\jli.dll
0x00007ff8cebb0000 - 0x00007ff8ced50000 	C:\windows\System32\USER32.dll
0x00007ff8b0500000 - 0x00007ff8b079a000 	C:\windows\WinSxS\amd64_microsoft.windows.common-controls_6595b64144ccf1df_6.0.19041.1110_none_60b5254171f9507e\COMCTL32.dll
0x00007ff8cd4f0000 - 0x00007ff8cd512000 	C:\windows\System32\win32u.dll
0x00007ff8ce210000 - 0x00007ff8ce2ae000 	C:\windows\System32\msvcrt.dll
0x00007ff8cdfa0000 - 0x00007ff8cdfca000 	C:\windows\System32\GDI32.dll
0x00007ff8cd680000 - 0x00007ff8cd78b000 	C:\windows\System32\gdi32full.dll
0x00007ff8cd890000 - 0x00007ff8cd92d000 	C:\windows\System32\msvcp_win.dll
0x00007ff8cdd50000 - 0x00007ff8cdd80000 	C:\windows\System32\IMM32.DLL
0x00007ff8c6e10000 - 0x00007ff8c6e1c000 	C:\Users\Y9G4CD706\.p2\pool\plugins\org.eclipse.justj.openjdk.hotspot.jre.full.win32.x86_64_17.0.2.v20220201-1208\jre\bin\vcruntime140_1.dll
0x00007ff898880000 - 0x00007ff898911000 	C:\Users\Y9G4CD706\.p2\pool\plugins\org.eclipse.justj.openjdk.hotspot.jre.full.win32.x86_64_17.0.2.v20220201-1208\jre\bin\msvcp140.dll
0x00007ff8729d0000 - 0x00007ff873617000 	C:\Users\Y9G4CD706\.p2\pool\plugins\org.eclipse.justj.openjdk.hotspot.jre.full.win32.x86_64_17.0.2.v20220201-1208\jre\bin\server\jvm.dll
0x00007ff8cefa0000 - 0x00007ff8cf04e000 	C:\windows\System32\ADVAPI32.dll
0x00007ff8cdd80000 - 0x00007ff8cde1c000 	C:\windows\System32\sechost.dll
0x00007ff8ce040000 - 0x00007ff8ce165000 	C:\windows\System32\RPCRT4.dll
0x00007ff8cf740000 - 0x00007ff8cf748000 	C:\windows\System32\PSAPI.DLL
0x00007ff8b76b0000 - 0x00007ff8b76b9000 	C:\windows\SYSTEM32\WSOCK32.dll
0x00007ff8c2840000 - 0x00007ff8c2867000 	C:\windows\SYSTEM32\WINMM.dll
0x00007ff8cdfd0000 - 0x00007ff8ce03b000 	C:\windows\System32\WS2_32.dll
0x00007ff8c5f50000 - 0x00007ff8c5f5a000 	C:\windows\SYSTEM32\VERSION.dll
0x00007ff8cb750000 - 0x00007ff8cb762000 	C:\windows\SYSTEM32\kernel.appcore.dll
0x00007ff8c1de0000 - 0x00007ff8c1dea000 	C:\Users\Y9G4CD706\.p2\pool\plugins\org.eclipse.justj.openjdk.hotspot.jre.full.win32.x86_64_17.0.2.v20220201-1208\jre\bin\jimage.dll
0x00007ff8cab70000 - 0x00007ff8cad54000 	C:\windows\SYSTEM32\DBGHELP.DLL
0x00007ff8b07a0000 - 0x00007ff8b07cc000 	C:\windows\SYSTEM32\dbgcore.DLL
0x00007ff8cd460000 - 0x00007ff8cd4e2000 	C:\windows\System32\bcryptPrimitives.dll
0x00007ff8a89f0000 - 0x00007ff8a8a15000 	C:\Users\Y9G4CD706\.p2\pool\plugins\org.eclipse.justj.openjdk.hotspot.jre.full.win32.x86_64_17.0.2.v20220201-1208\jre\bin\java.dll

dbghelp: loaded successfully - version: 4.0.5 - missing functions: none
symbol engine: initialized successfully - sym options: 0x614 - pdb path: .;C:\Users\Y9G4CD706\.p2\pool\plugins\org.eclipse.justj.openjdk.hotspot.jre.full.win32.x86_64_17.0.2.v20220201-1208\jre\bin;C:\windows\SYSTEM32;C:\windows\WinSxS\amd64_microsoft.windows.common-controls_6595b64144ccf1df_6.0.19041.1110_none_60b5254171f9507e;C:\Users\Y9G4CD706\.p2\pool\plugins\org.eclipse.justj.openjdk.hotspot.jre.full.win32.x86_64_17.0.2.v20220201-1208\jre\bin\server

VM Arguments:
jvm_args: -Dmaven.home=EMBEDDED -Dclassworlds.conf=C:\Abdelrazak\Eclipse\.metadata\.plugins\org.eclipse.m2e.launching\launches\m2conf7773825458401189715.tmp -Dmaven.multiModuleProjectDirectory=C:\Abdelrazak\Eclipse\Hermes -Dfile.encoding=Cp1252 -XX:+ShowCodeDetailsInExceptionMessages 
java_command: org.codehaus.plexus.classworlds.launcher.Launcher -B test
java_class_path (initial): C:\Users\Y9G4CD706\.p2\pool\plugins\org.eclipse.m2e.maven.runtime_1.18.1.20211011-2139\jars\plexus-classworlds-2.6.0.jar
Launcher Type: SUN_STANDARD

[Global flags]
     intx CICompilerCount                          = 4                                         {product} {ergonomic}
     uint ConcGCThreads                            = 2                                         {product} {ergonomic}
     uint G1ConcRefinementThreads                  = 8                                         {product} {ergonomic}
   size_t G1HeapRegionSize                         = 1048576                                   {product} {ergonomic}
    uintx GCDrainStackTargetSize                   = 64                                        {product} {ergonomic}
   size_t InitialHeapSize                          = 132120576                                 {product} {ergonomic}
   size_t MarkStackSize                            = 4194304                                   {product} {ergonomic}
   size_t MaxHeapSize                              = 2105540608                                {product} {ergonomic}
   size_t MinHeapDeltaBytes                        = 1048576                                   {product} {ergonomic}
   size_t MinHeapSize                              = 8388608                                   {product} {ergonomic}
    uintx NonNMethodCodeHeapSize                   = 5839372                                {pd product} {ergonomic}
    uintx NonProfiledCodeHeapSize                  = 122909434                              {pd product} {ergonomic}
    uintx ProfiledCodeHeapSize                     = 122909434                              {pd product} {ergonomic}
    uintx ReservedCodeCacheSize                    = 251658240                              {pd product} {ergonomic}
     bool SegmentedCodeCache                       = true                                      {product} {ergonomic}
     bool ShowCodeDetailsInExceptionMessages       = true                                   {manageable} {command line}
   size_t SoftMaxHeapSize                          = 2105540608                             {manageable} {ergonomic}
     bool UseCompressedClassPointers               = true                           {product lp64_product} {ergonomic}
     bool UseCompressedOops                        = true                           {product lp64_product} {ergonomic}
     bool UseG1GC                                  = true                                      {product} {ergonomic}
     bool UseLargePagesIndividualAllocation        = false                                  {pd product} {ergonomic}

Logging:
Log output configuration:
 #0: stdout all=warning uptime,level,tags
 #1: stderr all=off uptime,level,tags

Environment Variables:
PATH=C:/Users/Y9G4CD706/.p2/pool/plugins/org.eclipse.justj.openjdk.hotspot.jre.full.win32.x86_64_17.0.2.v20220201-1208/jre/bin/server;C:/Users/Y9G4CD706/.p2/pool/plugins/org.eclipse.justj.openjdk.hotspot.jre.full.win32.x86_64_17.0.2.v20220201-1208/jre/bin;C:\Program Files\Java\jdk-17.0.2\bin;C:\windows\system32;C:\windows;C:\Program Files (x86)\Git\cmd;C:\ProgramData\chocolatey\choco.exe;C:\ProgramData\chocolatey\bin;C:\Program Files\IBM\Cloud\bin;;C:\Program Files\Docker\Docker\resources\bin;C:\ProgramData\DockerDesktop\version-bin;C:\Abdelrazak\apache-maven-3.8.5\apache-maven\src\bin;C:\Users\Y9G4CD706\AppData\Local\Programs\Microsoft VS Code\bin;C:\Program Files\IBM\Cloud\bin;C:\windows\System32;
USERNAME=Y9G4CD706
OS=Windows_NT
PROCESSOR_IDENTIFIER=Intel64 Family 6 Model 142 Stepping 10, GenuineIntel



---------------  S Y S T E M  ---------------

OS:
 Windows 10 , 64 bit Build 19041 (10.0.19041.1645)
OS uptime: 4 days 6:16 hours
Hyper-V role detected

CPU: total 8 (initial active 8) (4 cores per cpu, 2 threads per core) family 6 model 142 stepping 10 microcode 0xca, cx8, cmov, fxsr, ht, mmx, 3dnowpref, sse, sse2, sse3, ssse3, sse4.1, sse4.2, popcnt, lzcnt, tsc, tscinvbit, avx, avx2, aes, erms, clmul, bmi1, bmi2, rtm, adx, fma, vzeroupper, clflush, clflushopt, hv

Memory: 4k page, system-wide physical 8030M (112M free)
TotalPageFile size 32606M (AvailPageFile size 109M)
current process WorkingSet (physical memory assigned to process): 10M, peak: 10M
current process commit charge ("private bytes"): 60M, peak: 185M

vm_info: OpenJDK 64-Bit Server VM (17.0.2+8) for windows-amd64 JRE (17.0.2+8), built on Jan 20 2022 04:52:34 by "" with MS VC++ 16.7 (VS2019)

END.
